[Fri Nov 12 17:39:10.615261 2021] [autoindex:error] [pid 10180:tid 1096] [client ::1:51115] AH01276: Cannot serve directory C:/Server/domains/project1.local/htdocs/: No matching DirectoryIndex (index.html) found, and server-generated directory index forbidden by Options directive
[Fri Nov 12 17:39:30.836964 2021] [autoindex:error] [pid 10180:tid 1112] [client ::1:51114] AH01276: Cannot serve directory C:/Server/domains/project1.local/htdocs/: No matching DirectoryIndex (index.html) found, and server-generated directory index forbidden by Options directive
[Fri Nov 12 17:39:43.794327 2021] [autoindex:error] [pid 10180:tid 1096] [client ::1:51124] AH01276: Cannot serve directory C:/Server/domains/project1.local/htdocs/: No matching DirectoryIndex (index.html) found, and server-generated directory index forbidden by Options directive
[Fri Nov 12 17:45:51.734419 2021] [php:error] [pid 10180:tid 1112] [client 127.0.0.1:64553] PHP Parse error:  syntax error, unexpected token "=" in C:\\Server\\domains\\project1.local\\htdocs\\first.php on line 11
[Fri Nov 12 17:46:32.581184 2021] [php:error] [pid 10180:tid 1112] [client 127.0.0.1:64557] PHP Fatal error:  Uncaught Error: Undefined constant "x" in C:\\Server\\domains\\project1.local\\htdocs\\first.php:12\nStack trace:\n#0 {main}\n  thrown in C:\\Server\\domains\\project1.local\\htdocs\\first.php on line 12
[Fri Nov 12 17:46:42.483062 2021] [php:error] [pid 10180:tid 1096] [client 127.0.0.1:64559] PHP Fatal error:  Uncaught Error: Undefined constant "x" in C:\\Server\\domains\\project1.local\\htdocs\\first.php:13\nStack trace:\n#0 {main}\n  thrown in C:\\Server\\domains\\project1.local\\htdocs\\first.php on line 13
[Fri Nov 12 17:53:23.486669 2021] [php:error] [pid 10180:tid 1112] [client 127.0.0.1:64612] PHP Fatal error:  Uncaught TypeError: Unsupported operand types: string + string in C:\\Server\\domains\\project1.local\\htdocs\\first.php:16\nStack trace:\n#0 {main}\n  thrown in C:\\Server\\domains\\project1.local\\htdocs\\first.php on line 16
[Fri Nov 12 17:53:57.821678 2021] [php:error] [pid 10180:tid 1096] [client 127.0.0.1:64613] PHP Fatal error:  Uncaught TypeError: Unsupported operand types: string + string in C:\\Server\\domains\\project1.local\\htdocs\\first.php:16\nStack trace:\n#0 {main}\n  thrown in C:\\Server\\domains\\project1.local\\htdocs\\first.php on line 16
[Fri Nov 12 17:53:59.573430 2021] [php:error] [pid 10180:tid 1096] [client 127.0.0.1:64613] PHP Fatal error:  Uncaught TypeError: Unsupported operand types: string + string in C:\\Server\\domains\\project1.local\\htdocs\\first.php:16\nStack trace:\n#0 {main}\n  thrown in C:\\Server\\domains\\project1.local\\htdocs\\first.php on line 16
[Fri Nov 12 17:54:03.849689 2021] [php:error] [pid 10180:tid 1096] [client 127.0.0.1:64613] PHP Parse error:  syntax error, unexpected token "," in C:\\Server\\domains\\project1.local\\htdocs\\first.php on line 16
[Fri Nov 12 17:54:37.046557 2021] [php:error] [pid 10180:tid 1096] [client 127.0.0.1:64624] PHP Parse error:  syntax error, unexpected variable "$name" in C:\\Server\\domains\\project1.local\\htdocs\\first.php on line 16
[Fri Nov 12 17:59:27.012197 2021] [php:error] [pid 10180:tid 1096] [client 127.0.0.1:64779] PHP Parse error:  syntax error, unexpected token "<" in C:\\Server\\domains\\project1.local\\htdocs\\first.php on line 16
[Fri Nov 12 17:59:41.896231 2021] [php:error] [pid 10180:tid 1112] [client 127.0.0.1:64780] PHP Parse error:  syntax error, unexpected token "/" in C:\\Server\\domains\\project1.local\\htdocs\\first.php on line 16
[Fri Nov 12 17:59:52.515168 2021] [php:error] [pid 10180:tid 1096] [client 127.0.0.1:64782] PHP Parse error:  syntax error, unexpected token ">" in C:\\Server\\domains\\project1.local\\htdocs\\first.php on line 16
[Fri Nov 12 18:05:50.437441 2021] [php:error] [pid 10180:tid 1112] [client 127.0.0.1:64828] PHP Parse error:  syntax error, unexpected token ">" in C:\\Server\\domains\\project1.local\\htdocs\\first.php on line 19
[Fri Nov 12 18:13:46.339432 2021] [php:error] [pid 10180:tid 1112] [client 127.0.0.1:64858] PHP Parse error:  syntax error, unexpected identifier "S00" in C:\\Server\\domains\\project1.local\\htdocs\\first.php on line 39
[Fri Nov 12 18:15:48.711082 2021] [php:error] [pid 10180:tid 1096] [client 127.0.0.1:64886] PHP Parse error:  syntax error, unexpected double-quoted string " \xd0\xb4\xd0\xbe\xd0\xbb\xd0\xbb\xd0\xb0\xd1\x80\xd0\xbe\xd0\xb2 \xd0\xbc\xd0\xbe\xd0\xb6\xd0\xbd\xd0\xbe \xd0...", expecting "," or ";" in C:\\Server\\domains\\project1.local\\htdocs\\first.php on line 42
[Fri Nov 12 18:19:23.521751 2021] [php:error] [pid 10180:tid 1112] [client 127.0.0.1:64904] PHP Parse error:  syntax error, unexpected floating-point number "3.14", expecting ")" in C:\\Server\\domains\\project1.local\\htdocs\\first.php on line 49
[Fri Nov 12 18:49:05.723604 2021] [php:error] [pid 10180:tid 1096] [client 127.0.0.1:65056] script 'C:/Server/domains/project1.local/htdocs/\xd0\x97\xd0\xb0\xd0\xb4\xd0\xb0\xd0\xbd\xd0\xb8\xd0\xb55.php' not found or unable to stat
[Fri Nov 12 18:55:08.484132 2021] [php:error] [pid 10180:tid 1096] [client 127.0.0.1:65126] PHP Fatal error:  Uncaught Error: Undefined constant "sfsdfsd" in C:\\Server\\domains\\project1.local\\htdocs\\homework5.php:15\nStack trace:\n#0 {main}\n  thrown in C:\\Server\\domains\\project1.local\\htdocs\\homework5.php on line 15
[Fri Nov 12 18:58:38.042872 2021] [php:error] [pid 10180:tid 1088] [client 127.0.0.1:65172] PHP Fatal error:  Uncaught Error: Undefined constant "sfsdfsd" in C:\\Server\\domains\\project1.local\\htdocs\\homework5.php:15\nStack trace:\n#0 {main}\n  thrown in C:\\Server\\domains\\project1.local\\htdocs\\homework5.php on line 15
[Fri Nov 12 18:58:38.743475 2021] [php:error] [pid 10180:tid 1088] [client 127.0.0.1:65172] PHP Fatal error:  Uncaught Error: Undefined constant "sfsdfsd" in C:\\Server\\domains\\project1.local\\htdocs\\homework5.php:15\nStack trace:\n#0 {main}\n  thrown in C:\\Server\\domains\\project1.local\\htdocs\\homework5.php on line 15
[Fri Nov 12 18:58:47.733826 2021] [php:error] [pid 10180:tid 1096] [client 127.0.0.1:65173] PHP Fatal error:  Uncaught Error: Undefined constant "sfsdfsd" in C:\\Server\\domains\\project1.local\\htdocs\\homework5.php:15\nStack trace:\n#0 {main}\n  thrown in C:\\Server\\domains\\project1.local\\htdocs\\homework5.php on line 15
[Fri Nov 12 18:58:48.324856 2021] [php:error] [pid 10180:tid 1096] [client 127.0.0.1:65173] PHP Fatal error:  Uncaught Error: Undefined constant "sfsdfsd" in C:\\Server\\domains\\project1.local\\htdocs\\homework5.php:15\nStack trace:\n#0 {main}\n  thrown in C:\\Server\\domains\\project1.local\\htdocs\\homework5.php on line 15
[Fri Nov 12 18:58:56.816206 2021] [php:error] [pid 10180:tid 1088] [client 127.0.0.1:65180] PHP Fatal error:  Uncaught Error: Undefined constant "sfsdfsd" in C:\\Server\\domains\\project1.local\\htdocs\\homework5.php:15\nStack trace:\n#0 {main}\n  thrown in C:\\Server\\domains\\project1.local\\htdocs\\homework5.php on line 15
[Wed Nov 24 16:25:07.795020 2021] [php:warn] [pid 7340:tid 1092] [client ::1:61069] PHP Warning:  Undefined array key "summa" in C:\\Server\\domains\\project1.local\\htdocs\\credit.php on line 16
[Wed Nov 24 16:25:07.796037 2021] [php:warn] [pid 7340:tid 1092] [client ::1:61069] PHP Warning:  Undefined array key "m" in C:\\Server\\domains\\project1.local\\htdocs\\credit.php on line 17
[Wed Nov 24 16:25:07.796037 2021] [php:warn] [pid 7340:tid 1092] [client ::1:61069] PHP Warning:  Undefined array key "p" in C:\\Server\\domains\\project1.local\\htdocs\\credit.php on line 18
[Wed Nov 24 16:25:07.796037 2021] [php:warn] [pid 7340:tid 1092] [client ::1:61069] PHP Warning:  Undefined array key "summa" in C:\\Server\\domains\\project1.local\\htdocs\\credit.php on line 20
[Wed Nov 24 16:25:07.796037 2021] [php:warn] [pid 7340:tid 1092] [client ::1:61069] PHP Warning:  Undefined array key "m" in C:\\Server\\domains\\project1.local\\htdocs\\credit.php on line 21
[Wed Nov 24 16:25:07.796037 2021] [php:warn] [pid 7340:tid 1092] [client ::1:61069] PHP Warning:  Undefined array key "p" in C:\\Server\\domains\\project1.local\\htdocs\\credit.php on line 22
[Wed Nov 24 16:27:54.717114 2021] [php:warn] [pid 7340:tid 1092] [client ::1:61100] PHP Warning:  Undefined array key "summa" in C:\\Server\\domains\\project1.local\\htdocs\\credit.php on line 16
[Wed Nov 24 16:27:54.717114 2021] [php:warn] [pid 7340:tid 1092] [client ::1:61100] PHP Warning:  Undefined array key "p" in C:\\Server\\domains\\project1.local\\htdocs\\credit.php on line 18
[Wed Nov 24 16:27:54.717114 2021] [php:warn] [pid 7340:tid 1092] [client ::1:61100] PHP Warning:  Undefined array key "summa" in C:\\Server\\domains\\project1.local\\htdocs\\credit.php on line 20
[Wed Nov 24 16:27:54.717114 2021] [php:warn] [pid 7340:tid 1092] [client ::1:61100] PHP Warning:  Undefined array key "p" in C:\\Server\\domains\\project1.local\\htdocs\\credit.php on line 22
[Wed Nov 24 16:28:03.044487 2021] [php:warn] [pid 7340:tid 1108] [client ::1:61099] PHP Warning:  Undefined array key "summa" in C:\\Server\\domains\\project1.local\\htdocs\\credit.php on line 16
[Wed Nov 24 16:28:03.044487 2021] [php:warn] [pid 7340:tid 1108] [client ::1:61099] PHP Warning:  Undefined array key "summa" in C:\\Server\\domains\\project1.local\\htdocs\\credit.php on line 20
[Wed Nov 24 16:28:17.111345 2021] [php:warn] [pid 7340:tid 1092] [client ::1:61103] PHP Warning:  Undefined array key "summa" in C:\\Server\\domains\\project1.local\\htdocs\\credit.php on line 16
[Wed Nov 24 16:28:17.111345 2021] [php:warn] [pid 7340:tid 1092] [client ::1:61103] PHP Warning:  Undefined array key "summa" in C:\\Server\\domains\\project1.local\\htdocs\\credit.php on line 20
[Wed Nov 24 16:28:18.578016 2021] [php:warn] [pid 7340:tid 1092] [client ::1:61103] PHP Warning:  Undefined array key "summa" in C:\\Server\\domains\\project1.local\\htdocs\\credit.php on line 16
[Wed Nov 24 16:28:18.578016 2021] [php:warn] [pid 7340:tid 1092] [client ::1:61103] PHP Warning:  Undefined array key "summa" in C:\\Server\\domains\\project1.local\\htdocs\\credit.php on line 20
[Wed Nov 24 16:29:29.438936 2021] [php:error] [pid 7340:tid 1092] [client ::1:61112] PHP Parse error:  syntax error, unexpected single-quoted string "$", expecting "," or ";" in C:\\Server\\domains\\project1.local\\htdocs\\credit.php on line 42
[Wed Nov 24 16:31:33.869961 2021] [php:error] [pid 7340:tid 1092] [client ::1:61129] PHP Parse error:  syntax error, unexpected token "echo", expecting "," or ";" in C:\\Server\\domains\\project1.local\\htdocs\\credit.php on line 44
[Wed Nov 24 16:47:23.672072 2021] [php:warn] [pid 7340:tid 1108] [client ::1:61239] PHP Warning:  Undefined array key "r" in C:\\Server\\domains\\project1.local\\htdocs\\task6.php on line 15
[Wed Nov 24 16:47:23.672072 2021] [php:warn] [pid 7340:tid 1108] [client ::1:61239] PHP Warning:  Undefined array key "g" in C:\\Server\\domains\\project1.local\\htdocs\\task6.php on line 16
[Wed Nov 24 16:47:23.672072 2021] [php:warn] [pid 7340:tid 1108] [client ::1:61239] PHP Warning:  Undefined array key "b" in C:\\Server\\domains\\project1.local\\htdocs\\task6.php on line 17
[Wed Nov 24 16:50:44.255522 2021] [php:error] [pid 7340:tid 1092] [client ::1:61253] PHP Parse error:  syntax error, unexpected token "<", expecting end of file in C:\\Server\\domains\\project1.local\\htdocs\\task6.php on line 18
[Wed Nov 24 16:52:12.778716 2021] [php:warn] [pid 7340:tid 1108] [client ::1:61259] PHP Warning:  Undefined array key "r" in C:\\Server\\domains\\project1.local\\htdocs\\task6.php on line 15
[Wed Nov 24 16:52:12.778716 2021] [php:warn] [pid 7340:tid 1108] [client ::1:61259] PHP Warning:  Undefined array key "g" in C:\\Server\\domains\\project1.local\\htdocs\\task6.php on line 16
[Wed Nov 24 16:52:12.778716 2021] [php:warn] [pid 7340:tid 1108] [client ::1:61259] PHP Warning:  Undefined array key "b" in C:\\Server\\domains\\project1.local\\htdocs\\task6.php on line 17
[Wed Nov 24 16:52:12.778716 2021] [php:warn] [pid 7340:tid 1108] [client ::1:61259] PHP Warning:  Undefined variable $r in C:\\Server\\domains\\project1.local\\htdocs\\task6.php on line 21
[Wed Nov 24 16:52:12.778716 2021] [php:warn] [pid 7340:tid 1108] [client ::1:61259] PHP Warning:  Undefined variable $g in C:\\Server\\domains\\project1.local\\htdocs\\task6.php on line 21
[Wed Nov 24 16:52:12.778716 2021] [php:warn] [pid 7340:tid 1108] [client ::1:61259] PHP Warning:  Undefined variable $b in C:\\Server\\domains\\project1.local\\htdocs\\task6.php on line 21
[Wed Nov 24 16:52:14.116763 2021] [php:warn] [pid 7340:tid 1108] [client ::1:61259] PHP Warning:  Undefined variable $r in C:\\Server\\domains\\project1.local\\htdocs\\task6.php on line 21, referer: http://localhost/task6.php
[Wed Nov 24 16:52:14.116763 2021] [php:warn] [pid 7340:tid 1108] [client ::1:61259] PHP Warning:  Undefined variable $g in C:\\Server\\domains\\project1.local\\htdocs\\task6.php on line 21, referer: http://localhost/task6.php
[Wed Nov 24 16:52:14.116763 2021] [php:warn] [pid 7340:tid 1108] [client ::1:61259] PHP Warning:  Undefined variable $b in C:\\Server\\domains\\project1.local\\htdocs\\task6.php on line 21, referer: http://localhost/task6.php
[Wed Nov 24 16:52:15.656486 2021] [php:warn] [pid 7340:tid 1108] [client ::1:61259] PHP Warning:  Undefined variable $r in C:\\Server\\domains\\project1.local\\htdocs\\task6.php on line 21, referer: http://localhost/task6.php?r=255&g=0&b=0
[Wed Nov 24 16:52:15.656486 2021] [php:warn] [pid 7340:tid 1108] [client ::1:61259] PHP Warning:  Undefined variable $g in C:\\Server\\domains\\project1.local\\htdocs\\task6.php on line 21, referer: http://localhost/task6.php?r=255&g=0&b=0
[Wed Nov 24 16:52:15.656486 2021] [php:warn] [pid 7340:tid 1108] [client ::1:61259] PHP Warning:  Undefined variable $b in C:\\Server\\domains\\project1.local\\htdocs\\task6.php on line 21, referer: http://localhost/task6.php?r=255&g=0&b=0
[Wed Nov 24 16:52:16.380350 2021] [php:warn] [pid 7340:tid 1108] [client ::1:61259] PHP Warning:  Undefined variable $r in C:\\Server\\domains\\project1.local\\htdocs\\task6.php on line 21, referer: http://localhost/task6.php?r=0&g=0&b=255
[Wed Nov 24 16:52:16.380350 2021] [php:warn] [pid 7340:tid 1108] [client ::1:61259] PHP Warning:  Undefined variable $g in C:\\Server\\domains\\project1.local\\htdocs\\task6.php on line 21, referer: http://localhost/task6.php?r=0&g=0&b=255
[Wed Nov 24 16:52:16.380350 2021] [php:warn] [pid 7340:tid 1108] [client ::1:61259] PHP Warning:  Undefined variable $b in C:\\Server\\domains\\project1.local\\htdocs\\task6.php on line 21, referer: http://localhost/task6.php?r=0&g=0&b=255
[Wed Nov 24 16:52:17.027377 2021] [php:warn] [pid 7340:tid 1108] [client ::1:61259] PHP Warning:  Undefined variable $r in C:\\Server\\domains\\project1.local\\htdocs\\task6.php on line 21, referer: http://localhost/task6.php?r=127&g=255&b=212
[Wed Nov 24 16:52:17.028376 2021] [php:warn] [pid 7340:tid 1108] [client ::1:61259] PHP Warning:  Undefined variable $g in C:\\Server\\domains\\project1.local\\htdocs\\task6.php on line 21, referer: http://localhost/task6.php?r=127&g=255&b=212
[Wed Nov 24 16:52:17.028376 2021] [php:warn] [pid 7340:tid 1108] [client ::1:61259] PHP Warning:  Undefined variable $b in C:\\Server\\domains\\project1.local\\htdocs\\task6.php on line 21, referer: http://localhost/task6.php?r=127&g=255&b=212
[Wed Nov 24 16:52:17.929485 2021] [php:warn] [pid 7340:tid 1108] [client ::1:61259] PHP Warning:  Undefined variable $r in C:\\Server\\domains\\project1.local\\htdocs\\task6.php on line 21, referer: http://localhost/task6.php?r=255&g=255&b=255
[Wed Nov 24 16:52:17.929485 2021] [php:warn] [pid 7340:tid 1108] [client ::1:61259] PHP Warning:  Undefined variable $g in C:\\Server\\domains\\project1.local\\htdocs\\task6.php on line 21, referer: http://localhost/task6.php?r=255&g=255&b=255
[Wed Nov 24 16:52:17.929485 2021] [php:warn] [pid 7340:tid 1108] [client ::1:61259] PHP Warning:  Undefined variable $b in C:\\Server\\domains\\project1.local\\htdocs\\task6.php on line 21, referer: http://localhost/task6.php?r=255&g=255&b=255
[Wed Nov 24 16:52:18.508349 2021] [php:warn] [pid 7340:tid 1108] [client ::1:61259] PHP Warning:  Undefined variable $r in C:\\Server\\domains\\project1.local\\htdocs\\task6.php on line 21, referer: http://localhost/task6.php?r=127&g=255&b=212
[Wed Nov 24 16:52:18.508349 2021] [php:warn] [pid 7340:tid 1108] [client ::1:61259] PHP Warning:  Undefined variable $g in C:\\Server\\domains\\project1.local\\htdocs\\task6.php on line 21, referer: http://localhost/task6.php?r=127&g=255&b=212
[Wed Nov 24 16:52:18.508349 2021] [php:warn] [pid 7340:tid 1108] [client ::1:61259] PHP Warning:  Undefined variable $b in C:\\Server\\domains\\project1.local\\htdocs\\task6.php on line 21, referer: http://localhost/task6.php?r=127&g=255&b=212
[Wed Nov 24 16:52:19.042485 2021] [php:warn] [pid 7340:tid 1108] [client ::1:61259] PHP Warning:  Undefined variable $r in C:\\Server\\domains\\project1.local\\htdocs\\task6.php on line 21, referer: http://localhost/task6.php?r=127&g=255&b=212
[Wed Nov 24 16:52:19.042485 2021] [php:warn] [pid 7340:tid 1108] [client ::1:61259] PHP Warning:  Undefined variable $g in C:\\Server\\domains\\project1.local\\htdocs\\task6.php on line 21, referer: http://localhost/task6.php?r=127&g=255&b=212
[Wed Nov 24 16:52:19.042485 2021] [php:warn] [pid 7340:tid 1108] [client ::1:61259] PHP Warning:  Undefined variable $b in C:\\Server\\domains\\project1.local\\htdocs\\task6.php on line 21, referer: http://localhost/task6.php?r=127&g=255&b=212
[Wed Nov 24 16:52:19.837686 2021] [php:warn] [pid 7340:tid 1108] [client ::1:61259] PHP Warning:  Undefined variable $r in C:\\Server\\domains\\project1.local\\htdocs\\task6.php on line 21, referer: http://localhost/task6.php?r=0&g=0&b=255
[Wed Nov 24 16:52:19.837686 2021] [php:warn] [pid 7340:tid 1108] [client ::1:61259] PHP Warning:  Undefined variable $g in C:\\Server\\domains\\project1.local\\htdocs\\task6.php on line 21, referer: http://localhost/task6.php?r=0&g=0&b=255
[Wed Nov 24 16:52:19.837686 2021] [php:warn] [pid 7340:tid 1108] [client ::1:61259] PHP Warning:  Undefined variable $b in C:\\Server\\domains\\project1.local\\htdocs\\task6.php on line 21, referer: http://localhost/task6.php?r=0&g=0&b=255
[Wed Nov 24 16:55:13.434970 2021] [php:error] [pid 7340:tid 1092] [client ::1:61363] PHP Parse error:  syntax error, unexpected token "=" in C:\\Server\\domains\\project1.local\\htdocs\\task6.php on line 19, referer: http://localhost/task6.php?r=0&g=0&b=255
[Wed Nov 24 16:55:52.995667 2021] [php:error] [pid 7340:tid 1108] [client ::1:61364] PHP Parse error:  syntax error, unexpected token "var", expecting end of file in C:\\Server\\domains\\project1.local\\htdocs\\task6.php on line 19, referer: http://localhost/task6.php?r=0&g=0&b=255
[Wed Nov 24 16:56:09.186236 2021] [php:error] [pid 7340:tid 1092] [client ::1:61366] PHP Parse error:  syntax error, unexpected variable "$r" in C:\\Server\\domains\\project1.local\\htdocs\\task6.php on line 19, referer: http://localhost/task6.php?r=0&g=0&b=255
[Wed Nov 24 16:56:09.909441 2021] [php:error] [pid 7340:tid 1092] [client ::1:61366] PHP Parse error:  syntax error, unexpected variable "$r" in C:\\Server\\domains\\project1.local\\htdocs\\task6.php on line 19, referer: http://localhost/task6.php?r=0&g=0&b=255
[Wed Nov 24 16:56:27.808331 2021] [php:warn] [pid 7340:tid 1108] [client ::1:61368] PHP Warning:  Undefined variable $r in C:\\Server\\domains\\project1.local\\htdocs\\task6.php on line 19, referer: http://localhost/task6.php?r=0&g=0&b=255
[Wed Nov 24 16:56:27.808331 2021] [php:warn] [pid 7340:tid 1108] [client ::1:61368] PHP Warning:  Undefined variable $srt in C:\\Server\\domains\\project1.local\\htdocs\\task6.php on line 20, referer: http://localhost/task6.php?r=0&g=0&b=255
[Wed Nov 24 16:56:27.808331 2021] [php:warn] [pid 7340:tid 1108] [client ::1:61368] PHP Warning:  Undefined variable $r in C:\\Server\\domains\\project1.local\\htdocs\\task6.php on line 23, referer: http://localhost/task6.php?r=0&g=0&b=255
[Wed Nov 24 16:56:27.808331 2021] [php:warn] [pid 7340:tid 1108] [client ::1:61368] PHP Warning:  Undefined variable $g in C:\\Server\\domains\\project1.local\\htdocs\\task6.php on line 23, referer: http://localhost/task6.php?r=0&g=0&b=255
[Wed Nov 24 16:56:27.808331 2021] [php:warn] [pid 7340:tid 1108] [client ::1:61368] PHP Warning:  Undefined variable $b in C:\\Server\\domains\\project1.local\\htdocs\\task6.php on line 23, referer: http://localhost/task6.php?r=0&g=0&b=255
[Wed Nov 24 16:56:46.570926 2021] [php:warn] [pid 7340:tid 1092] [client ::1:61370] PHP Warning:  Undefined variable $r in C:\\Server\\domains\\project1.local\\htdocs\\task6.php on line 19, referer: http://localhost/task6.php?r=255&g=0&b=0
[Wed Nov 24 16:56:46.570926 2021] [php:warn] [pid 7340:tid 1092] [client ::1:61370] PHP Warning:  Undefined variable $srt in C:\\Server\\domains\\project1.local\\htdocs\\task6.php on line 20, referer: http://localhost/task6.php?r=255&g=0&b=0
[Wed Nov 24 16:56:46.570926 2021] [php:warn] [pid 7340:tid 1092] [client ::1:61370] PHP Warning:  Undefined variable $r in C:\\Server\\domains\\project1.local\\htdocs\\task6.php on line 23, referer: http://localhost/task6.php?r=255&g=0&b=0
[Wed Nov 24 16:56:46.570926 2021] [php:warn] [pid 7340:tid 1092] [client ::1:61370] PHP Warning:  Undefined variable $g in C:\\Server\\domains\\project1.local\\htdocs\\task6.php on line 23, referer: http://localhost/task6.php?r=255&g=0&b=0
[Wed Nov 24 16:56:46.570926 2021] [php:warn] [pid 7340:tid 1092] [client ::1:61370] PHP Warning:  Undefined variable $b in C:\\Server\\domains\\project1.local\\htdocs\\task6.php on line 23, referer: http://localhost/task6.php?r=255&g=0&b=0
[Wed Nov 24 16:56:47.271773 2021] [php:warn] [pid 7340:tid 1092] [client ::1:61370] PHP Warning:  Undefined variable $r in C:\\Server\\domains\\project1.local\\htdocs\\task6.php on line 19, referer: http://localhost/task6.php?r=255&g=0&b=0
[Wed Nov 24 16:56:47.271773 2021] [php:warn] [pid 7340:tid 1092] [client ::1:61370] PHP Warning:  Undefined variable $srt in C:\\Server\\domains\\project1.local\\htdocs\\task6.php on line 20, referer: http://localhost/task6.php?r=255&g=0&b=0
[Wed Nov 24 16:56:47.271773 2021] [php:warn] [pid 7340:tid 1092] [client ::1:61370] PHP Warning:  Undefined variable $r in C:\\Server\\domains\\project1.local\\htdocs\\task6.php on line 23, referer: http://localhost/task6.php?r=255&g=0&b=0
[Wed Nov 24 16:56:47.271773 2021] [php:warn] [pid 7340:tid 1092] [client ::1:61370] PHP Warning:  Undefined variable $g in C:\\Server\\domains\\project1.local\\htdocs\\task6.php on line 23, referer: http://localhost/task6.php?r=255&g=0&b=0
[Wed Nov 24 16:56:47.271773 2021] [php:warn] [pid 7340:tid 1092] [client ::1:61370] PHP Warning:  Undefined variable $b in C:\\Server\\domains\\project1.local\\htdocs\\task6.php on line 23, referer: http://localhost/task6.php?r=255&g=0&b=0
[Wed Nov 24 16:57:14.922378 2021] [php:warn] [pid 7340:tid 1108] [client ::1:61382] PHP Warning:  Undefined variable $r in C:\\Server\\domains\\project1.local\\htdocs\\task6.php on line 20, referer: http://localhost/task6.php?r=255&g=0&b=0
[Wed Nov 24 16:57:14.922378 2021] [php:warn] [pid 7340:tid 1108] [client ::1:61382] PHP Warning:  Undefined variable $r in C:\\Server\\domains\\project1.local\\htdocs\\task6.php on line 23, referer: http://localhost/task6.php?r=255&g=0&b=0
[Wed Nov 24 16:57:14.922378 2021] [php:warn] [pid 7340:tid 1108] [client ::1:61382] PHP Warning:  Undefined variable $g in C:\\Server\\domains\\project1.local\\htdocs\\task6.php on line 23, referer: http://localhost/task6.php?r=255&g=0&b=0
[Wed Nov 24 16:57:14.922378 2021] [php:warn] [pid 7340:tid 1108] [client ::1:61382] PHP Warning:  Undefined variable $b in C:\\Server\\domains\\project1.local\\htdocs\\task6.php on line 23, referer: http://localhost/task6.php?r=255&g=0&b=0
[Wed Nov 24 16:57:16.224427 2021] [php:warn] [pid 7340:tid 1108] [client ::1:61382] PHP Warning:  Undefined variable $r in C:\\Server\\domains\\project1.local\\htdocs\\task6.php on line 20, referer: http://localhost/task6.php?r=0&g=0&b=255
[Wed Nov 24 16:57:16.224427 2021] [php:warn] [pid 7340:tid 1108] [client ::1:61382] PHP Warning:  Undefined variable $r in C:\\Server\\domains\\project1.local\\htdocs\\task6.php on line 23, referer: http://localhost/task6.php?r=0&g=0&b=255
[Wed Nov 24 16:57:16.224427 2021] [php:warn] [pid 7340:tid 1108] [client ::1:61382] PHP Warning:  Undefined variable $g in C:\\Server\\domains\\project1.local\\htdocs\\task6.php on line 23, referer: http://localhost/task6.php?r=0&g=0&b=255
[Wed Nov 24 16:57:16.224427 2021] [php:warn] [pid 7340:tid 1108] [client ::1:61382] PHP Warning:  Undefined variable $b in C:\\Server\\domains\\project1.local\\htdocs\\task6.php on line 23, referer: http://localhost/task6.php?r=0&g=0&b=255
[Wed Nov 24 16:57:16.962744 2021] [php:warn] [pid 7340:tid 1108] [client ::1:61382] PHP Warning:  Undefined variable $r in C:\\Server\\domains\\project1.local\\htdocs\\task6.php on line 20, referer: http://localhost/task6.php?r=127&g=255&b=212
[Wed Nov 24 16:57:16.962744 2021] [php:warn] [pid 7340:tid 1108] [client ::1:61382] PHP Warning:  Undefined variable $r in C:\\Server\\domains\\project1.local\\htdocs\\task6.php on line 23, referer: http://localhost/task6.php?r=127&g=255&b=212
[Wed Nov 24 16:57:16.962744 2021] [php:warn] [pid 7340:tid 1108] [client ::1:61382] PHP Warning:  Undefined variable $g in C:\\Server\\domains\\project1.local\\htdocs\\task6.php on line 23, referer: http://localhost/task6.php?r=127&g=255&b=212
[Wed Nov 24 16:57:16.962744 2021] [php:warn] [pid 7340:tid 1108] [client ::1:61382] PHP Warning:  Undefined variable $b in C:\\Server\\domains\\project1.local\\htdocs\\task6.php on line 23, referer: http://localhost/task6.php?r=127&g=255&b=212
[Wed Nov 24 16:57:17.460355 2021] [php:warn] [pid 7340:tid 1108] [client ::1:61382] PHP Warning:  Undefined variable $r in C:\\Server\\domains\\project1.local\\htdocs\\task6.php on line 20, referer: http://localhost/task6.php?r=127&g=255&b=212
[Wed Nov 24 16:57:17.460355 2021] [php:warn] [pid 7340:tid 1108] [client ::1:61382] PHP Warning:  Undefined variable $r in C:\\Server\\domains\\project1.local\\htdocs\\task6.php on line 23, referer: http://localhost/task6.php?r=127&g=255&b=212
[Wed Nov 24 16:57:17.460355 2021] [php:warn] [pid 7340:tid 1108] [client ::1:61382] PHP Warning:  Undefined variable $g in C:\\Server\\domains\\project1.local\\htdocs\\task6.php on line 23, referer: http://localhost/task6.php?r=127&g=255&b=212
[Wed Nov 24 16:57:17.460355 2021] [php:warn] [pid 7340:tid 1108] [client ::1:61382] PHP Warning:  Undefined variable $b in C:\\Server\\domains\\project1.local\\htdocs\\task6.php on line 23, referer: http://localhost/task6.php?r=127&g=255&b=212
[Wed Nov 24 16:57:29.883997 2021] [php:warn] [pid 7340:tid 1092] [client ::1:61388] PHP Warning:  Undefined variable $r in C:\\Server\\domains\\project1.local\\htdocs\\task6.php on line 20, referer: http://localhost/task6.php?r=127&g=255&b=212
[Wed Nov 24 16:57:29.883997 2021] [php:warn] [pid 7340:tid 1092] [client ::1:61388] PHP Warning:  Undefined variable $r in C:\\Server\\domains\\project1.local\\htdocs\\task6.php on line 24, referer: http://localhost/task6.php?r=127&g=255&b=212
[Wed Nov 24 16:57:29.883997 2021] [php:warn] [pid 7340:tid 1092] [client ::1:61388] PHP Warning:  Undefined variable $g in C:\\Server\\domains\\project1.local\\htdocs\\task6.php on line 24, referer: http://localhost/task6.php?r=127&g=255&b=212
[Wed Nov 24 16:57:29.883997 2021] [php:warn] [pid 7340:tid 1092] [client ::1:61388] PHP Warning:  Undefined variable $b in C:\\Server\\domains\\project1.local\\htdocs\\task6.php on line 24, referer: http://localhost/task6.php?r=127&g=255&b=212
[Wed Nov 24 16:57:30.411396 2021] [php:warn] [pid 7340:tid 1092] [client ::1:61388] PHP Warning:  Undefined variable $r in C:\\Server\\domains\\project1.local\\htdocs\\task6.php on line 20, referer: http://localhost/task6.php?r=127&g=255&b=212
[Wed Nov 24 16:57:30.411396 2021] [php:warn] [pid 7340:tid 1092] [client ::1:61388] PHP Warning:  Undefined variable $r in C:\\Server\\domains\\project1.local\\htdocs\\task6.php on line 24, referer: http://localhost/task6.php?r=127&g=255&b=212
[Wed Nov 24 16:57:30.411396 2021] [php:warn] [pid 7340:tid 1092] [client ::1:61388] PHP Warning:  Undefined variable $g in C:\\Server\\domains\\project1.local\\htdocs\\task6.php on line 24, referer: http://localhost/task6.php?r=127&g=255&b=212
[Wed Nov 24 16:57:30.411396 2021] [php:warn] [pid 7340:tid 1092] [client ::1:61388] PHP Warning:  Undefined variable $b in C:\\Server\\domains\\project1.local\\htdocs\\task6.php on line 24, referer: http://localhost/task6.php?r=127&g=255&b=212
[Wed Nov 24 16:57:30.966999 2021] [php:warn] [pid 7340:tid 1092] [client ::1:61388] PHP Warning:  Undefined variable $r in C:\\Server\\domains\\project1.local\\htdocs\\task6.php on line 20, referer: http://localhost/task6.php?r=0&g=0&b=255
[Wed Nov 24 16:57:30.966999 2021] [php:warn] [pid 7340:tid 1092] [client ::1:61388] PHP Warning:  Undefined variable $r in C:\\Server\\domains\\project1.local\\htdocs\\task6.php on line 24, referer: http://localhost/task6.php?r=0&g=0&b=255
[Wed Nov 24 16:57:30.966999 2021] [php:warn] [pid 7340:tid 1092] [client ::1:61388] PHP Warning:  Undefined variable $g in C:\\Server\\domains\\project1.local\\htdocs\\task6.php on line 24, referer: http://localhost/task6.php?r=0&g=0&b=255
[Wed Nov 24 16:57:30.966999 2021] [php:warn] [pid 7340:tid 1092] [client ::1:61388] PHP Warning:  Undefined variable $b in C:\\Server\\domains\\project1.local\\htdocs\\task6.php on line 24, referer: http://localhost/task6.php?r=0&g=0&b=255
[Wed Nov 24 16:57:58.942368 2021] [php:warn] [pid 7340:tid 1108] [client ::1:61393] PHP Warning:  Undefined variable $r in C:\\Server\\domains\\project1.local\\htdocs\\task6.php on line 20, referer: http://localhost/task6.php?r=0&g=0&b=255
